生成启动时间为 2017/6/8 星期四 下午 8:49:03。
     1>项目“C:\Users\Administrator\Desktop\人脸匹配系统\FaceMatch\FaceMatch\FaceMatch.vcxproj”在节点 2 上(build 个目标)。
     1>InitializeBuildStatus:
         正在创建“Debug\FaceMatch.unsuccessfulbuild”，因为已指定“AlwaysCreate”。
       ClCompile:
         所有输出均为最新。
         f:\VS2010\安装文件\VC\bin\CL.exe /c /ZI /nologo /W3 /WX- /Od /Oy- /D WIN32 /D _WINDOWS /D _DEBUG /D _UNICODE /D UNICODE /D _AFXDLL /Gm /EHsc /RTC1 /MDd /GS /fp:precise /Zc:wchar_t /Zc:forScope /Yu"StdAfx.h" /Fp"Debug\FaceMatch.pch" /Fo"Debug\\" /Fd"Debug\vc100.pdb" /Gd /TP /analyze- /errorReport:prompt FaceMatchDlg.cpp
         FaceMatchDlg.cpp
     1>e:\program\opencv\build\include\opencv2\flann\logger.h(66): warning C4996: 'fopen': This function or variable may be unsafe. Consider using fopen_s instead. To disable deprecation, use _CRT_SECURE_NO_WARNINGS. See online help for details.
                 f:\vs2010\安装文件\vc\include\stdio.h(234) : 参见“fopen”的声明
     1>c:\users\administrator\desktop\人脸匹配系统\facematch\facematch\facematchdlg.cpp(269): warning C4101: “dir”: 未引用的局部变量
     1>c:\users\administrator\desktop\人脸匹配系统\facematch\facematch\facematchdlg.cpp(291): warning C4101: “faceImage2”: 未引用的局部变量
       ResourceCompile:
         所有输出均为最新。
       ManifestResourceCompile:
         所有输出均为最新。
       Link:
         f:\VS2010\安装文件\VC\bin\link.exe /ERRORREPORT:PROMPT /OUT:"C:\Users\Administrator\Desktop\人脸匹配系统\FaceMatch\Debug\FaceMatch.exe" /INCREMENTAL /NOLOGO /LIBPATH:E:\Program\opencv\build\x86\vc10\lib opencv_ml248d.lib opencv_calib3d248d.lib opencv_contrib248d.lib opencv_core248d.lib opencv_features2d248d.lib opencv_flann248d.lib opencv_gpu248d.lib opencv_highgui248d.lib opencv_imgproc248d.lib opencv_legacy248d.lib opencv_objdetect248d.lib opencv_ts248d.lib opencv_video248d.lib opencv_nonfree248d.lib opencv_ocl248d.lib opencv_photo248d.lib opencv_stitching248d.lib opencv_superres248d.lib opencv_videostab248d.lib opencv_objdetect248.lib opencv_ts248.lib opencv_video248.lib opencv_nonfree248.lib opencv_ocl248.lib opencv_photo248.lib opencv_stitching248.lib opencv_superres248.lib opencv_videostab248.lib opencv_calib3d248.lib opencv_contrib248.lib opencv_core248.lib opencv_features2d248.lib opencv_flann248.lib opencv_gpu248.lib opencv_highgui248.lib opencv_imgproc248.lib opencv_legacy248.lib opencv_ml248.lib /MANIFEST /ManifestFile:"Debug\FaceMatch.exe.intermediate.manifest" /MANIFESTUAC:"level='asInvoker' uiAccess='false'" /DEBUG /PDB:"C:\Users\Administrator\Desktop\人脸匹配系统\FaceMatch\Debug\FaceMatch.pdb" /SUBSYSTEM:WINDOWS /TLBID:1 /ENTRY:"wWinMainCRTStartup" /DYNAMICBASE /NXCOMPAT /IMPLIB:"C:\Users\Administrator\Desktop\人脸匹配系统\FaceMatch\Debug\FaceMatch.lib" /MACHINE:X86 Debug\FaceMatch.res
         Debug\FaceMatch.exe.embed.manifest.res
         Debug\FaceMatch.obj
         Debug\FaceMatchDlg.obj
         Debug\ReminderDlg.obj
         Debug\stdafx.obj
       Manifest:
         C:\Program Files (x86)\Microsoft SDKs\Windows\v7.0A\bin\mt.exe /nologo /verbose /out:"Debug\FaceMatch.exe.embed.manifest" /manifest Debug\FaceMatch.exe.intermediate.manifest "f:\VS2010\安装文件\VC\Include\Manifest\dpiaware.manifest"
         所有输出均为最新。
       LinkEmbedManifest:
         所有输出均为最新。
         FaceMatch.vcxproj -> C:\Users\Administrator\Desktop\人脸匹配系统\FaceMatch\Debug\FaceMatch.exe
       FinalizeBuildStatus:
         正在删除文件“Debug\FaceMatch.unsuccessfulbuild”。
         正在对“Debug\FaceMatch.lastbuildstate”执行 Touch 任务。
     1>已完成生成项目“C:\Users\Administrator\Desktop\人脸匹配系统\FaceMatch\FaceMatch\FaceMatch.vcxproj”(build 个目标)的操作。

生成成功。

已用时间 00:00:24.88
